Build started 2017/5/22 星期一 16:44:47.
     1>Project "c:\Users\songyuanyuan\documents\visual studio 2010\Projects\CrackIncredibuild\CrackIncredibuild\CrackIncredibuild.vcxproj" on node 2 (build target(s)).
     1>InitializeBuildStatus:
         Touching "Debug\CrackIncredibuild.unsuccessfulbuild".
       ClCompile:
         D:\Program Files (x86)\Microsoft Visual Studio 10.0\VC\bin\CL.exe /c /ZI /nologo /W3 /WX- /Od /Oy- /D WIN32 /D _DEBUG /D _CONSOLE /D _MBCS /D _AFXDLL /Gm /EHsc /RTC1 /MDd /GS /fp:precise /Zc:wchar_t /Zc:forScope /Fo"Debug\\" /Fd"Debug\vc100.pdb" /Gd /TP /analyze- /errorReport:prompt Crack.cpp
         Crack.cpp
         _WIN32_WINNT not defined. Defaulting to _WIN32_WINNT_MAXVER (see WinSDKVer.h)
     1>c:\users\songyuanyuan\documents\visual studio 2010\projects\crackincredibuild\crackincredibuild\crack.cpp(16): warning C4005: 'MAX_PATH' : macro redefinition
                 c:\program files (x86)\microsoft sdks\windows\v7.0a\include\windef.h(57) : see previous definition of 'MAX_PATH'
     1>c:\users\songyuanyuan\documents\visual studio 2010\projects\crackincredibuild\crackincredibuild\crack.cpp(140): warning C4552: '!=' : operator has no effect; expected operator with side-effect
     1>c:\users\songyuanyuan\documents\visual studio 2010\projects\crackincredibuild\crackincredibuild\crack.cpp(166): warning C4996: 'localtime': This function or variable may be unsafe. Consider using localtime_s instead. To disable deprecation, use _CRT_SECURE_NO_WARNINGS. See online help for details.
                 d:\program files (x86)\microsoft visual studio 10.0\vc\include\time.inl(112) : see declaration of 'localtime'
       ResourceCompile:
         All outputs are up-to-date.
       ManifestResourceCompile:
         All outputs are up-to-date.
       Link:
         D:\Program Files (x86)\Microsoft Visual Studio 10.0\VC\bin\link.exe /ERRORREPORT:PROMPT /OUT:"c:\users\songyuanyuan\documents\visual studio 2010\Projects\CrackIncredibuild\Debug\CrackIncredibuild.exe" /INCREMENTAL /NOLOGO /MANIFEST /ManifestFile:"Debug\CrackIncredibuild.exe.intermediate.manifest" /MANIFESTUAC:"level='asInvoker' uiAccess='false'" /DEBUG /PDB:"c:\users\songyuanyuan\documents\visual studio 2010\Projects\CrackIncredibuild\Debug\CrackIncredibuild.pdb" /SUBSYSTEM:CONSOLE /TLBID:1 /DYNAMICBASE /NXCOMPAT /IMPLIB:"c:\users\songyuanyuan\documents\visual studio 2010\Projects\CrackIncredibuild\Debug\CrackIncredibuild.lib" /MACHINE:X86 Debug\CrackIncredibuild.res
         Debug\CrackIncredibuild.exe.embed.manifest.res
         Debug\Crack.obj
       Manifest:
         C:\Program Files (x86)\Microsoft SDKs\Windows\v7.0A\bin\mt.exe /nologo /verbose /out:"Debug\CrackIncredibuild.exe.embed.manifest" /manifest Debug\CrackIncredibuild.exe.intermediate.manifest "D:\Program Files (x86)\Microsoft Visual Studio 10.0\VC\Include\Manifest\dpiaware.manifest"
         All outputs are up-to-date.
       LinkEmbedManifest:
         All outputs are up-to-date.
         CrackIncredibuild.vcxproj -> c:\users\songyuanyuan\documents\visual studio 2010\Projects\CrackIncredibuild\Debug\CrackIncredibuild.exe
       FinalizeBuildStatus:
         Deleting file "Debug\CrackIncredibuild.unsuccessfulbuild".
         Touching "Debug\CrackIncredibuild.lastbuildstate".
     1>Done Building Project "c:\Users\songyuanyuan\documents\visual studio 2010\Projects\CrackIncredibuild\CrackIncredibuild\CrackIncredibuild.vcxproj" (build target(s)).

Build succeeded.

Time Elapsed 00:00:03.72
